<?xml version="1.0" encoding="UTF-8"?>
<!-- Generated by org.testng.reporters.JUnitReportReporter -->
<testsuite hostname="LAPTOP-AAJOKUD0" failures="0" tests="1" name="runner.grampanchayatKaryakartaRunner" time="716.763" errors="0" timestamp="2023-03-27T13:05:25 IST" skipped="0">
  <testcase classname="runner.grampanchayatKaryakartaRunner" name="runScenario" time="716.763"/>
  <system-out/>
</testsuite> <!-- runner.grampanchayatKaryakartaRunner -->
