<?xml version="1.0" encoding="UTF-8"?>
<!-- Generated by org.testng.reporters.JUnitReportReporter -->
<testsuite hostname="LAPTOP-AAJOKUD0" failures="0" tests="1" name="runner.pradeshRunner" time="80.627" errors="0" timestamp="2023-04-02T01:08:42 IST" skipped="0">
  <testcase classname="runner.pradeshRunner" name="runScenario" time="80.627"/>
  <system-out/>
</testsuite> <!-- runner.pradeshRunner -->
